[2025-02-13 20:59:58] Blackboard server started. PID: 21039
[2025-02-13 21:00:01] Dynamics started. PID: 21041
[2025-02-13 21:00:01] Big brother Watchdog process is watching. PID: 21043
[2025-02-13 21:00:01] Obstacle and Target subscriber started. PID: 21044
[2025-02-13 21:00:01] Keyboard process started. PID: 21081
[2025-02-13 21:00:01] Window process started. PID: 21100
[2025-02-13 21:00:01] Subscriber matched.
[2025-02-13 21:00:01] Subscriber matched.
[2025-02-13 21:00:02] Watchdog received: HB from /tmp/obstacle_pipe
[2025-02-13 21:00:02] Watchdog received: HB from /tmp/target_pipe
[2025-02-13 21:00:04] Watchdog received: HB from /tmp/obstacle_pipe
[2025-02-13 21:00:04] Watchdog received: HB from /tmp/target_pipe
[2025-02-13 21:00:06] Watchdog received: HBHB from /tmp/obstacle_pipe
[2025-02-13 21:00:06] Watchdog received: HBHB from /tmp/target_pipe
[2025-02-13 21:00:08] Watchdog received: HBHB from /tmp/blackboard_pipe
[2025-02-13 21:00:08] Watchdog received: HBHB from /tmp/dynamics_pipe
[2025-02-13 21:00:08] Watchdog received: HBHB from /tmp/keyboard_pipe
[2025-02-13 21:00:08] Watchdog received: HBHB from /tmp/window_pipe
[2025-02-13 21:00:08] Watchdog received: HBHB from /tmp/obstacle_pipe
[2025-02-13 21:00:08] Watchdog received: HBHB from /tmp/target_pipe
[2025-02-13 21:00:09] Data available. Receiving data...
[2025-02-13 21:00:09] Data Target available. Receiving data ...
[2025-02-13 21:00:10] Watchdog received: HBHB from /tmp/dynamics_pipe
[2025-02-13 21:00:10] Watchdog received: HBHB from /tmp/keyboard_pipe
[2025-02-13 21:00:10] Watchdog received: HBHB from /tmp/window_pipe
[2025-02-13 21:00:10] Watchdog received: HBHB from /tmp/obstacle_pipe
[2025-02-13 21:00:10] Watchdog received: HBHB from /tmp/target_pipe
[2025-02-13 21:00:10] Drone got a target at position (11, 4)
[2025-02-13 21:00:12] Watchdog received: HBHB from /tmp/blackboard_pipe
[2025-02-13 21:00:12] Watchdog received: HBHB from /tmp/dynamics_pipe
[2025-02-13 21:00:12] Watchdog received: HBHB from /tmp/keyboard_pipe
[2025-02-13 21:00:12] Watchdog received: HBHB from /tmp/obstacle_pipe
[2025-02-13 21:00:12] Watchdog received: HBHB from /tmp/target_pipe
